Started GET "/" for ::1 at 2017-04-05 21:56:13 +0800
Processing by WelcomeController#index as HTML
  Rendering welcome/index.html.erb within layouts/application
  Rendered welcome/index.html.erb within layouts/application (1.6ms)
  Rendered common/_navbar.html.erb (0.6ms)
  Rendered common/_footer.html.erb (0.3ms)
Completed 200 OK in 4597ms (Views: 4586.1ms | ActiveRecord: 0.0ms)


Started GET "/" for ::1 at 2017-04-05 21:57:02 +0800
Processing by WelcomeController#index as HTML
  Rendering welcome/index.html.erb within layouts/application
  Rendered welcome/index.html.erb within layouts/application (0.6ms)
  Rendered common/_navbar.html.erb (0.4ms)
  Rendered common/_footer.html.erb (0.3ms)
Completed 200 OK in 50ms (Views: 47.4ms | ActiveRecord: 0.0ms)


Started GET "/" for ::1 at 2017-04-05 21:57:36 +0800
Processing by WelcomeController#index as HTML
  Rendering welcome/index.html.erb within layouts/application
  Rendered welcome/index.html.erb within layouts/application (0.5ms)
  Rendered common/_navbar.html.erb (0.3ms)
  Rendered common/_footer.html.erb (0.3ms)
Completed 200 OK in 31ms (Views: 28.8ms | ActiveRecord: 0.0ms)


Started GET "/" for ::1 at 2017-04-05 21:57:36 +0800
Processing by WelcomeController#index as HTML
  Rendering welcome/index.html.erb within layouts/application
  Rendered welcome/index.html.erb within layouts/application (0.4ms)
  Rendered common/_navbar.html.erb (0.8ms)
  Rendered common/_footer.html.erb (0.4ms)
Completed 200 OK in 44ms (Views: 41.9ms | ActiveRecord: 0.0ms)


Started GET "/" for ::1 at 2017-04-05 21:58:10 +0800
Processing by WelcomeController#index as HTML
  Rendering welcome/index.html.erb within layouts/application
  Rendered welcome/index.html.erb within layouts/application (0.5ms)
  Rendered common/_navbar.html.erb (1.0ms)
  Rendered common/_footer.html.erb (0.4ms)
Completed 200 OK in 43ms (Views: 40.8ms | ActiveRecord: 0.0ms)


Started GET "/" for ::1 at 2017-04-05 21:58:37 +0800
Processing by WelcomeController#index as HTML
  Rendering welcome/index.html.erb within layouts/application
  Rendered welcome/index.html.erb within layouts/application (0.5ms)
  Rendered common/_navbar.html.erb (0.6ms)
  Rendered common/_footer.html.erb (0.2ms)
Completed 200 OK in 37ms (Views: 34.5ms | ActiveRecord: 0.0ms)


Started GET "/" for ::1 at 2017-04-05 22:00:48 +0800
Processing by WelcomeController#index as HTML
  Rendering welcome/index.html.erb within layouts/application
  Rendered welcome/index.html.erb within layouts/application (0.8ms)
  Rendered common/_navbar.html.erb (0.3ms)
  Rendered common/_footer.html.erb (0.4ms)
Completed 200 OK in 39ms (Views: 36.5ms | ActiveRecord: 0.0ms)


Started GET "/" for ::1 at 2017-04-05 22:06:32 +0800
Processing by WelcomeController#index as HTML
  Rendering welcome/index.html.erb within layouts/application
  Rendered welcome/index.html.erb within layouts/application (0.3ms)
  Rendered common/_navbar.html.erb (2.2ms)
  Rendered common/_footer.html.erb (1.0ms)
Completed 200 OK in 51ms (Views: 47.3ms | ActiveRecord: 0.0ms)


Started GET "/" for ::1 at 2017-04-05 22:06:34 +0800
Processing by WelcomeController#index as HTML
  Rendering welcome/index.html.erb within layouts/application
  Rendered welcome/index.html.erb within layouts/application (0.3ms)
  Rendered common/_navbar.html.erb (0.4ms)
  Rendered common/_footer.html.erb (0.3ms)
Completed 200 OK in 31ms (Views: 29.2ms | ActiveRecord: 0.0ms)


Started GET "/" for ::1 at 2017-04-05 22:06:35 +0800
Processing by WelcomeController#index as HTML
  Rendering welcome/index.html.erb within layouts/application
  Rendered welcome/index.html.erb within layouts/application (0.4ms)
  Rendered common/_navbar.html.erb (0.5ms)
  Rendered common/_footer.html.erb (0.5ms)
Completed 200 OK in 55ms (Views: 52.6ms | ActiveRecord: 0.0ms)


Started GET "/" for ::1 at 2017-04-05 22:06:39 +0800
Processing by WelcomeController#index as HTML
  Rendering welcome/index.html.erb within layouts/application
  Rendered welcome/index.html.erb within layouts/application (0.5ms)
  Rendered common/_navbar.html.erb (0.5ms)
  Rendered common/_footer.html.erb (0.2ms)
Completed 200 OK in 56ms (Views: 52.0ms | ActiveRecord: 0.0ms)


